## EXPLAINで見れる実行計画を理解する
- EXPLAIN(実行計画)をもととなる統計情報について
  - pg_stats と pg_statistic の違い
  - サンプリングについて
  - 実行計画関連のパラメータ
    - random_page_cost
    - seq_page_cost
    - effective_cache_size 
  - 拡張統計について
- 実行計画の見方
  - オプションなし
    - 👉上から順に**ネストの深い計画ノード**から処理される。
    - 計画ノードの種類（色々）
      - `Seq Scan`, `Index Scan using -- on --`
      - `
    - `(cost=11.50..36.50 rows=380 width=813)`の見方
  - ANALYZEオプションあり
    - `(actual time=0.036..0.046 rows=39 loops=1)`の見方
    - `Planning Time: 0.143ms`, `Execution Time: 0.067ms`
  - BUFFERSオプションあり
    - `Buffers: shared hit=5`
