## EXPLAINで見れる実行計画を理解する
- 実行計画の見方
  - オプションなし
    - 👉上から順に**ネストの深い計画ノード**から処理される。
    - 計画ノードの種類（色々）
      - 王道 `Seq Scan`, `Index Scan using -- on --`, `Index Only Scan using -- on --`
      - UNION `
      - GROUP BY `GroupAggregate`
    - `(cost=11.50..36.50 rows=380 width=813)`の見方
  - ANALYZEオプションあり
    - `(actual time=0.036..0.046 rows=39 loops=1)`の見方
    - `Planning Time: 0.143ms`, `Execution Time: 0.067ms`
  - BUFFERSオプションあり
    - `Buffers: shared hit=5`

## 計画ノード
- Sort
- Aggregate, HashAggregate, GroupAggregate, MixedAggregate

### ソート（Sort）
👉ソートを担う計画ノード。<br>
👉Sort Methodは「並び替えのアルゴリズムとメモリ使用状況」を示す。<br>
　・quicksort ➡ メモリ内に収まる形でソート。<br>
　・external merge ➡ メモリに収まらないので、ディスクに一時ファイルを作ってマージソート。<br>
　・Memory ➡ ソートに実際に使ったメモリ量(メモリに収まった)<br>
　・Disk ➡ メモリが足らずディスクに溢れでた。
```sql
-- メモリに収まった場合
Sort
  Sort Key: created_at DESC
  Sort Method: quicksort  Memory: 1024kB

-- メモリに収まらなかった場合
Sort
  Sort Key: created_at DESC
  Sort Method: external merge  Disk: 12000kB
```

### 集約関数（Aggregate）と GROUP BY（Hash/Group/MixedAggregate）
👉集約関数（count関数/sum関数）だけの実行であれば`Aggregate`ノードのみ。
```sql
EXPLAIN ANALYZE
SELEC sum(bid) FROM pgbench_accounts;
--------------------------------------
Aggregate（cost=xxxxxxxxxx.....
　-> Seq Scan on pgbench_accounts（cost=xxxxxxx
```
👉GROUP BYを実現する手法としていずれか(Hash/Group/Mixed)を選択する。
```sql
EXPLAIN ANALYZE
SELEC sum(bid) FROM pgbench_accounts
GROUP BY aid;
--------------------------------------
GroupAggregate（cost=xxxxxxxxxx.....
  Gropu Key: aid
　-> Index Only Scan using PK on pgbench_accounts（cost=xxxxxxx
```

- ✅GroupAggregate -> インデックス有/ソートされた状態でグループ分け（キーのIndex有無が重要）
  - ソートされていることが大事。
  - 使用例：クエリに`ORDER BY`があり、グループキーにインデックスがある場合。
- ✅HashAggregate -> インデックス無/ハッシュテーブルでグループ管理
  - ソートされてなくてもOK。ハッシュテーブル作る👍
  - でも、メモリ使用量が多めになりがちだから`work_mem`で調整する。
- ✅MixedAggregate -> GroupとHashの組み合わせ
  - 一部ハッシュ集計、一部ソート集計を組み合わせた方式
  - Hash と Sort の長所を組み合わせ、メモリ効率と処理速度を両立
